plan:
[  2 202  33]
[  6 201  43]
[  4 204  33]
[  1 205  31]
[  3 203  29]
[  2 202  39]
[  5 201  15]
[  1 201  38]
[  6 201  54]
[  7 201  38]
schedule:
[202,  0:14:01.426902, 0:17:01.426902]
[201,  0:13:24.817072, 0:16:24.817072]
[204,  0:12:31.641078, 0:15:31.641078]
[205,  0:11:04.579465, 0:14:04.579465]
[203,  0:07:26.319388, 0:10:26.319388]
[202,  0:20:57.012436, 0:23:57.012436]
[201,  0:04:55.660758, 0:07:55.660758]
[201,  0:17:30.738241, 0:20:30.738241]
[201,  0:22:41.139890, 0:25:41.139890]
[201,  0:09:05.583384, 0:12:05.583384]
mission time:
UAV1 original: 0:27:21.149393, final: 0:31:58.677466, difference: 0:04:37.528073
UAV2 original: 0:33:24.016091, final: 0:37:39.075646, difference: 0:04:15.059556
UAV3 original: 0:22:52.777619, final: 0:25:14.804294, difference: 0:02:22.026676
UAV4 original: 0:27:39.529028, final: 0:30:12.689467, difference: 0:02:33.160440
UAV5 original: 0:18:25.914333, final: 0:21:19.103949, difference: 0:02:53.189616
UAV6 original: 0:30:10.609100, final: 0:35:43.639467, difference: 0:05:33.030367
UAV7 original: 0:17:27.453572, final: 0:21:57.874902, difference: 0:04:30.421330
calc: 4min 37s