plan:
[  1 204  25]
[  2 201  18]
[  4 202  23]
[  5 203  18]
[  5 202  29]
[  3 205  21]
[  1 201  36]
[  4 201  32]
[  3 204  34]
[  2 203  27]
[  6 202   8]
[  6 205  26]
[  6 203  35]
[  3 204  39]
[  2 205  28]
schedule:
[204,  0:09:07.150066, 0:12:07.150066]
[201,  0:12:11.227721, 0:15:11.227721]
[202,  0:13:04.664803, 0:16:04.664803]
[203,  0:11:57.604336, 0:14:57.604336]
[202,  0:24:30.956208, 0:27:30.956208]
[205,  0:09:50.481231, 0:12:50.481231]
[201,  0:22:01.738330, 0:25:01.738330]
[201,  0:26:52.091810, 0:29:52.091810]
[204,  0:20:01.782594, 0:23:01.782594]
[203,  0:23:27.929350, 0:26:27.929350]
[202,  0:06:31.116025, 0:09:31.116025]
[205,  0:20:13.765572, 0:23:13.765572]
[203,  0:27:40.223041, 0:30:40.223041]
[204,  0:25:48.146582, 0:28:48.146582]
[205,  0:25:56.924675, 0:28:56.924675]
mission time:
UAV1 original: 0:31:52.202588, final: 0:35:07.499516, difference: 0:03:15.296928
UAV2 original: 0:36:55.450680, final: 0:41:44.343771, difference: 0:04:48.893090
UAV3 original: 0:30:12.177167, final: 0:35:04.584048, difference: 0:04:52.406882
UAV4 original: 0:37:12.848361, final: 0:40:44.473668, difference: 0:03:31.625307
UAV5 original: 0:33:41.363237, final: 0:37:42.066748, difference: 0:04:00.703511
UAV6 original: 0:32:55.569564, final: 0:40:06.474761, difference: 0:07:10.905197
